<?xml version="1.0" encoding="UTF-8"?>
<coverage generated="1707487417023" clover="3.2.0">
  <project timestamp="1707487417023" name="All files">
    <metrics statements="14" coveredstatements="13" conditionals="4" coveredconditionals="4" methods="7" coveredmethods="6" elements="25" coveredelements="23" complexity="0" loc="14" ncloc="14" packages="3" files="3" classes="3"/>
    <package name="src">
      <metrics statements="1" coveredstatements="1" conditionals="0" coveredconditionals="0" methods="0" coveredmethods="0"/>
      <file name="i18n.jsx" path="C:\Users\Valdemaras\Desktop\techin\Projektas\LietuvosSpaudosFotografija\frontend\src\i18n.jsx">
        <metrics statements="1" coveredstatements="1" conditionals="0" coveredconditionals="0" methods="0" coveredmethods="0"/>
        <line num="5" count="1" type="stmt"/>
      </file>
    </package>
    <package name="src.components">
      <metrics statements="8" coveredstatements="8" conditionals="2" coveredconditionals="2" methods="4" coveredmethods="4"/>
      <file name="language-switch.jsx" path="C:\Users\Valdemaras\Desktop\techin\Projektas\LietuvosSpaudosFotografija\frontend\src\components\language-switch.jsx">
        <metrics statements="8" coveredstatements="8" conditionals="2" coveredconditionals="2" methods="4" coveredmethods="4"/>
        <line num="5" count="1" type="stmt"/>
        <line num="10" count="1" type="stmt"/>
        <line num="11" count="3" type="stmt"/>
        <line num="13" count="3" type="stmt"/>
        <line num="14" count="2" type="stmt"/>
        <line num="17" count="3" type="stmt"/>
        <line num="20" count="6" type="stmt"/>
        <line num="24" count="2" type="stmt"/>
      </file>
    </package>
    <package name="src.components.Navbar">
      <metrics statements="5" coveredstatements="4" conditionals="2" coveredconditionals="2" methods="3" coveredmethods="2"/>
      <file name="NavigationBar.jsx" path="C:\Users\Valdemaras\Desktop\techin\Projektas\LietuvosSpaudosFotografija\frontend\src\components\Navbar\NavigationBar.jsx">
        <metrics statements="5" coveredstatements="4" conditionals="2" coveredconditionals="2" methods="3" coveredmethods="2"/>
        <line num="14" count="6" type="stmt"/>
        <line num="16" count="6" type="stmt"/>
        <line num="18" count="6" type="stmt"/>
        <line num="47" count="1" type="stmt"/>
        <line num="48" count="0" type="stmt"/>
      </file>
    </package>
  </project>
</coverage>
