{"C:\\Users\\Valdemaras\\Desktop\\techin\\Projektas\\LietuvosSpaudosFotografija\\frontend\\src\\i18n.jsx": {"path":"C:\\Users\\Valdemaras\\Desktop\\techin\\Projektas\\LietuvosSpaudosFotografija\\frontend\\src\\i18n.jsx","statementMap":{"0":{"start":{"line":5,"column":0},"end":{"line":53,"column":5}}},"fnMap":{},"branchMap":{},"s":{"0":1},"f":{},"b":{},"_coverageSchema":"1a1c01bbd47fc00a2c39e90264f33305004495a9","hash":"7fa5b0371765c1cd423e58e4e1207196756c3bd0"}
,"C:\\Users\\Valdemaras\\Desktop\\techin\\Projektas\\LietuvosSpaudosFotografija\\frontend\\src\\components\\language-switch.jsx": {"path":"C:\\Users\\Valdemaras\\Desktop\\techin\\Projektas\\LietuvosSpaudosFotografija\\frontend\\src\\components\\language-switch.jsx","statementMap":{"0":{"start":{"line":5,"column":13},"end":{"line":8,"column":1}},"1":{"start":{"line":10,"column":23},"end":{"line":35,"column":1}},"2":{"start":{"line":11,"column":19},"end":{"line":11,"column":35}},"3":{"start":{"line":13,"column":27},"end":{"line":15,"column":3}},"4":{"start":{"line":14,"column":4},"end":{"line":14,"column":30}},"5":{"start":{"line":17,"column":2},"end":{"line":34,"column":4}},"6":{"start":{"line":20,"column":8},"end":{"line":31,"column":17}},"7":{"start":{"line":24,"column":25},"end":{"line":24,"column":51}}},"fnMap":{"0":{"name":"(anonymous_0)","decl":{"start":{"line":10,"column":23},"end":{"line":10,"column":24}},"loc":{"start":{"line":10,"column":29},"end":{"line":35,"column":1}},"line":10},"1":{"name":"(anonymous_1)","decl":{"start":{"line":13,"column":27},"end":{"line":13,"column":28}},"loc":{"start":{"line":13,"column":37},"end":{"line":15,"column":3}},"line":13},"2":{"name":"(anonymous_2)","decl":{"start":{"line":19,"column":16},"end":{"line":19,"column":17}},"loc":{"start":{"line":20,"column":8},"end":{"line":31,"column":17}},"line":20},"3":{"name":"(anonymous_3)","decl":{"start":{"line":24,"column":19},"end":{"line":24,"column":20}},"loc":{"start":{"line":24,"column":25},"end":{"line":24,"column":51}},"line":24}},"branchMap":{"0":{"loc":{"start":{"line":27,"column":24},"end":{"line":27,"column":70}},"type":"cond-expr","locations":[{"start":{"line":27,"column":53},"end":{"line":27,"column":59}},{"start":{"line":27,"column":62},"end":{"line":27,"column":70}}],"line":27}},"s":{"0":1,"1":1,"2":3,"3":3,"4":2,"5":3,"6":6,"7":2},"f":{"0":3,"1":2,"2":6,"3":2},"b":{"0":[3,3]},"_coverageSchema":"1a1c01bbd47fc00a2c39e90264f33305004495a9","hash":"73c1673a8ad8ba356065552635ee595d83f5429d"}
,"C:\\Users\\Valdemaras\\Desktop\\techin\\Projektas\\LietuvosSpaudosFotografija\\frontend\\src\\components\\Navbar\\NavigationBar.jsx": {"path":"C:\\Users\\Valdemaras\\Desktop\\techin\\Projektas\\LietuvosSpaudosFotografija\\frontend\\src\\components\\Navbar\\NavigationBar.jsx","statementMap":{"0":{"start":{"line":14,"column":54},"end":{"line":14,"column":69}},"1":{"start":{"line":16,"column":16},"end":{"line":16,"column":32}},"2":{"start":{"line":18,"column":2},"end":{"line":69,"column":4}},"3":{"start":{"line":47,"column":36},"end":{"line":47,"column":63}},"4":{"start":{"line":48,"column":36},"end":{"line":48,"column":64}}},"fnMap":{"0":{"name":"NavigationBar","decl":{"start":{"line":13,"column":9},"end":{"line":13,"column":22}},"loc":{"start":{"line":13,"column":25},"end":{"line":70,"column":1}},"line":13},"1":{"name":"(anonymous_1)","decl":{"start":{"line":47,"column":30},"end":{"line":47,"column":31}},"loc":{"start":{"line":47,"column":36},"end":{"line":47,"column":63}},"line":47},"2":{"name":"(anonymous_2)","decl":{"start":{"line":48,"column":30},"end":{"line":48,"column":31}},"loc":{"start":{"line":48,"column":36},"end":{"line":48,"column":64}},"line":48}},"branchMap":{"0":{"loc":{"start":{"line":54,"column":24},"end":{"line":54,"column":63}},"type":"cond-expr","locations":[{"start":{"line":54,"column":45},"end":{"line":54,"column":51}},{"start":{"line":54,"column":54},"end":{"line":54,"column":63}}],"line":54}},"s":{"0":6,"1":6,"2":6,"3":1,"4":0},"f":{"0":6,"1":1,"2":0},"b":{"0":[3,3]},"_coverageSchema":"1a1c01bbd47fc00a2c39e90264f33305004495a9","hash":"4049c76452fbbc7fbcc11b77dc3d0a611b9a4810"}
}
