TN:
SF:src\i18n.jsx
FNF:0
FNH:0
DA:5,1
LF:1
LH:1
BRF:0
BRH:0
end_of_record
TN:
SF:src\components\language-switch.jsx
FN:10,(anonymous_0)
FN:13,(anonymous_1)
FN:19,(anonymous_2)
FN:24,(anonymous_3)
FNF:4
FNH:4
FNDA:3,(anonymous_0)
FNDA:2,(anonymous_1)
FNDA:6,(anonymous_2)
FNDA:2,(anonymous_3)
DA:5,1
DA:10,1
DA:11,3
DA:13,3
DA:14,2
DA:17,3
DA:20,6
DA:24,2
LF:8
LH:8
BRDA:27,0,0,3
BRDA:27,0,1,3
BRF:2
BRH:2
end_of_record
TN:
SF:src\components\Navbar\NavigationBar.jsx
FN:13,NavigationBar
FN:47,(anonymous_1)
FN:48,(anonymous_2)
FNF:3
FNH:2
FNDA:6,NavigationBar
FNDA:1,(anonymous_1)
FNDA:0,(anonymous_2)
DA:14,6
DA:16,6
DA:18,6
DA:47,1
DA:48,0
LF:5
LH:4
BRDA:54,0,0,3
BRDA:54,0,1,3
BRF:2
BRH:2
end_of_record
